<?xml version="1.0" encoding="UTF-8"?>
<testng-results skipped="0" failed="0" total="1" passed="1">
  <reporter-output>
  </reporter-output>
  <suite name="Suite" duration-ms="2847" started-at="2023-01-18T19:47:23Z" finished-at="2023-01-18T19:47:26Z">
    <groups>
    </groups>
    <test name="Test" duration-ms="2847" started-at="2023-01-18T19:47:23Z" finished-at="2023-01-18T19:47:26Z">
      <class name="TestFramework.POM.LoginTest">
        <test-method status="PASS" signature="setup()[pri:0, instance:TestFramework.POM.LoginTest@19d37183]" name="setup" is-config="true" duration-ms="7405" started-at="2023-01-18T20:47:15Z" finished-at="2023-01-18T20:47:23Z">
          <reporter-output>
          </reporter-output>
        </test-method> <!-- setup -->
        <test-method status="PASS" signature="ValidLogin()[pri:0, instance:TestFramework.POM.LoginTest@19d37183]" name="ValidLogin" duration-ms="2830" started-at="2023-01-18T20:47:23Z" finished-at="2023-01-18T20:47:26Z">
          <reporter-output>
          </reporter-output>
        </test-method> <!-- ValidLogin -->
        <test-method status="PASS" signature="teardown()[pri:0, instance:TestFramework.POM.LoginTest@19d37183]" name="teardown" is-config="true" duration-ms="741" started-at="2023-01-18T20:47:26Z" finished-at="2023-01-18T20:47:26Z">
          <reporter-output>
          </reporter-output>
        </test-method> <!-- teardown -->
      </class> <!-- TestFramework.POM.LoginTest -->
    </test> <!-- Test -->
  </suite> <!-- Suite -->
</testng-results>
