<?xml version="1.0" encoding="UTF-8"?>
<testng-results total="1" passed="1" failed="0" skipped="0">
  <reporter-output>
  </reporter-output>
  <suite started-at="2023-01-18T19:45:36Z" name="Suite" finished-at="2023-01-18T19:45:40Z" duration-ms="3979">
    <groups>
    </groups>
    <test started-at="2023-01-18T19:45:36Z" name="Test" finished-at="2023-01-18T19:45:40Z" duration-ms="3979">
      <class name="TestFramework.POM.LoginTest">
        <test-method is-config="true" signature="setup()[pri:0, instance:TestFramework.POM.LoginTest@f99f5e0]" started-at="2023-01-18T20:45:29Z" name="setup" finished-at="2023-01-18T20:45:36Z" duration-ms="7310" status="PASS">
          <reporter-output>
          </reporter-output>
        </test-method> <!-- setup -->
        <test-method signature="ValidLogin()[pri:0, instance:TestFramework.POM.LoginTest@f99f5e0]" started-at="2023-01-18T20:45:36Z" name="ValidLogin" finished-at="2023-01-18T20:45:40Z" duration-ms="3952" status="PASS">
          <reporter-output>
          </reporter-output>
        </test-method> <!-- ValidLogin -->
        <test-method is-config="true" signature="teardown()[pri:0, instance:TestFramework.POM.LoginTest@f99f5e0]" started-at="2023-01-18T20:45:40Z" name="teardown" finished-at="2023-01-18T20:45:41Z" duration-ms="840" status="PASS">
          <reporter-output>
          </reporter-output>
        </test-method> <!-- teardown -->
      </class> <!-- TestFramework.POM.LoginTest -->
    </test> <!-- Test -->
  </suite> <!-- Suite -->
</testng-results>
